<?xml version="1.0" encoding="UTF-8"?>
<!-- Generated by org.testng.reporters.JUnitReportReporter -->
<testsuite hostname="DESKTOP-AHQ7GT0" failures="0" tests="1" name="testng.AnnotationsExample2" time="0.052" errors="0" timestamp="05 Apr 2025 17:59:29 GMT" skipped="0">
  <testcase classname="testng.AnnotationsExample2" name="test3" time="0.052"/>
</testsuite> <!-- testng.AnnotationsExample2 -->
