<?xml version="1.0" encoding="UTF-8"?>
<!-- Generated by org.testng.reporters.JUnitReportReporter -->
<testsuite hostname="DESKTOP-AHQ7GT0" failures="0" tests="3" name="swaglab_test.LoginTest" time="67.088" errors="0" timestamp="06 Apr 2025 16:40:39 GMT" skipped="0">
  <testcase classname="swaglab_test.LoginTest" name="LoginSucessTest" time="28.263"/>
  <testcase classname="swaglab_test.LoginTest" name="LockedUserFailureTest" time="20.402"/>
  <testcase classname="swaglab_test.LoginTest" name="LoginFailureTest" time="18.423"/>
</testsuite> <!-- swaglab_test.LoginTest -->
