<?xml version="1.0" encoding="UTF-8"?>
<!-- Generated by org.testng.reporters.JUnitReportReporter -->
<testsuite hostname="DESKTOP-AHQ7GT0" failures="0" tests="1" name="swaglab_test.LoginTest" time="9.442" errors="0" timestamp="13 Apr 2025 17:44:56 GMT" skipped="0">
  <testcase classname="swaglab_test.LoginTest" name="LoginFailureTestFromExcel" time="9.442"/>
</testsuite> <!-- swaglab_test.LoginTest -->
